2021-02-18 12:27:55,029 - ERROR - csvmat.py:main method exception. Detailed: ImportError("Missing optional dependency 'openpyxl'.  Use pip or conda to install openpyxl.")
Traceback (most recent call last):
  File "C:\Users\joonl\Data\Data-Visualization-MAPS\AppProto\app_proto\app\scripts_dev\logger.py", line 36, in wrapper
    return func(*args, **kwargs)
  File "C:\Users\joonl\Data\Data-Visualization-MAPS\AppProto\app_proto\app\scripts_dev\process.py", line 163, in main
    processFile(cmdLineArgs)
  File "C:\Users\joonl\Data\Data-Visualization-MAPS\AppProto\app_proto\app\scripts_dev\process.py", line 157, in processFile
    _handlePreCalculate(cmdLineArgs)
  File "C:\Users\joonl\Data\Data-Visualization-MAPS\AppProto\app_proto\app\scripts_dev\process.py", line 136, in _handlePreCalculate
    return precalcs.handlePreCalculate(cmdLineArgs)
  File "C:\Users\joonl\Data\Data-Visualization-MAPS\AppProto\app_proto\app\scripts_dev\precalcs.py", line 320, in handlePreCalculate
    preCalcDataPath = _preCalcAndSave(cmdLineArgs)
  File "C:\Users\joonl\Data\Data-Visualization-MAPS\AppProto\app_proto\app\scripts_dev\precalcs.py", line 316, in _preCalcAndSave
    dataFrame = _preCalc(cmdLineArgs)
  File "C:\Users\joonl\Data\Data-Visualization-MAPS\AppProto\app_proto\app\scripts_dev\precalcs.py", line 207, in _preCalc
    gps = pd.read_excel(gpsFilePath, engine='openpyxl')
  File "C:\Users\joonl\AppData\Local\Packages\PythonSoftwareFoundation.Python.3.8_qbz5n2kfra8p0\LocalCache\local-packages\Python38\site-packages\pandas\util\_decorators.py", line 296, in wrapper
    return func(*args, **kwargs)
  File "C:\Users\joonl\AppData\Local\Packages\PythonSoftwareFoundation.Python.3.8_qbz5n2kfra8p0\LocalCache\local-packages\Python38\site-packages\pandas\io\excel\_base.py", line 304, in read_excel
    io = ExcelFile(io, engine=engine)
  File "C:\Users\joonl\AppData\Local\Packages\PythonSoftwareFoundation.Python.3.8_qbz5n2kfra8p0\LocalCache\local-packages\Python38\site-packages\pandas\io\excel\_base.py", line 867, in __init__
    self._reader = self._engines[engine](self._io)
  File "C:\Users\joonl\AppData\Local\Packages\PythonSoftwareFoundation.Python.3.8_qbz5n2kfra8p0\LocalCache\local-packages\Python38\site-packages\pandas\io\excel\_openpyxl.py", line 479, in __init__
    import_optional_dependency("openpyxl")
  File "C:\Users\joonl\AppData\Local\Packages\PythonSoftwareFoundation.Python.3.8_qbz5n2kfra8p0\LocalCache\local-packages\Python38\site-packages\pandas\compat\_optional.py", line 110, in import_optional_dependency
    raise ImportError(msg) from None
ImportError: Missing optional dependency 'openpyxl'.  Use pip or conda to install openpyxl.
2021-02-18 12:29:42,148 - ERROR - csvmat.py:main method exception. Detailed: ImportError("Missing optional dependency 'openpyxl'.  Use pip or conda to install openpyxl.")
Traceback (most recent call last):
  File "C:\Users\joonl\Data\Data-Visualization-MAPS\AppProto\app_proto\app\scripts_dev\logger.py", line 36, in wrapper
    return func(*args, **kwargs)
  File "C:\Users\joonl\Data\Data-Visualization-MAPS\AppProto\app_proto\app\scripts_dev\process.py", line 163, in main
    processFile(cmdLineArgs)
  File "C:\Users\joonl\Data\Data-Visualization-MAPS\AppProto\app_proto\app\scripts_dev\process.py", line 157, in processFile
    _handlePreCalculate(cmdLineArgs)
  File "C:\Users\joonl\Data\Data-Visualization-MAPS\AppProto\app_proto\app\scripts_dev\process.py", line 136, in _handlePreCalculate
    return precalcs.handlePreCalculate(cmdLineArgs)
  File "C:\Users\joonl\Data\Data-Visualization-MAPS\AppProto\app_proto\app\scripts_dev\precalcs.py", line 320, in handlePreCalculate
    preCalcDataPath = _preCalcAndSave(cmdLineArgs)
  File "C:\Users\joonl\Data\Data-Visualization-MAPS\AppProto\app_proto\app\scripts_dev\precalcs.py", line 316, in _preCalcAndSave
    dataFrame = _preCalc(cmdLineArgs)
  File "C:\Users\joonl\Data\Data-Visualization-MAPS\AppProto\app_proto\app\scripts_dev\precalcs.py", line 207, in _preCalc
    gps = pd.read_excel(gpsFilePath, engine='openpyxl')
  File "C:\Users\joonl\AppData\Local\Packages\PythonSoftwareFoundation.Python.3.8_qbz5n2kfra8p0\LocalCache\local-packages\Python38\site-packages\pandas\util\_decorators.py", line 296, in wrapper
    return func(*args, **kwargs)
  File "C:\Users\joonl\AppData\Local\Packages\PythonSoftwareFoundation.Python.3.8_qbz5n2kfra8p0\LocalCache\local-packages\Python38\site-packages\pandas\io\excel\_base.py", line 304, in read_excel
    io = ExcelFile(io, engine=engine)
  File "C:\Users\joonl\AppData\Local\Packages\PythonSoftwareFoundation.Python.3.8_qbz5n2kfra8p0\LocalCache\local-packages\Python38\site-packages\pandas\io\excel\_base.py", line 867, in __init__
    self._reader = self._engines[engine](self._io)
  File "C:\Users\joonl\AppData\Local\Packages\PythonSoftwareFoundation.Python.3.8_qbz5n2kfra8p0\LocalCache\local-packages\Python38\site-packages\pandas\io\excel\_openpyxl.py", line 479, in __init__
    import_optional_dependency("openpyxl")
  File "C:\Users\joonl\AppData\Local\Packages\PythonSoftwareFoundation.Python.3.8_qbz5n2kfra8p0\LocalCache\local-packages\Python38\site-packages\pandas\compat\_optional.py", line 110, in import_optional_dependency
    raise ImportError(msg) from None
ImportError: Missing optional dependency 'openpyxl'.  Use pip or conda to install openpyxl.
2021-02-18 12:31:34,588 - ERROR - csvmat.py:main method exception. Detailed: ImportError("Missing optional dependency 'openpyxl'.  Use pip or conda to install openpyxl.")
Traceback (most recent call last):
  File "C:\Users\joonl\Data\Data-Visualization-MAPS\AppProto\app_proto\app\scripts_dev\logger.py", line 36, in wrapper
    return func(*args, **kwargs)
  File "C:\Users\joonl\Data\Data-Visualization-MAPS\AppProto\app_proto\app\scripts_dev\process.py", line 163, in main
    processFile(cmdLineArgs)
  File "C:\Users\joonl\Data\Data-Visualization-MAPS\AppProto\app_proto\app\scripts_dev\process.py", line 157, in processFile
    _handlePreCalculate(cmdLineArgs)
  File "C:\Users\joonl\Data\Data-Visualization-MAPS\AppProto\app_proto\app\scripts_dev\process.py", line 136, in _handlePreCalculate
    return precalcs.handlePreCalculate(cmdLineArgs)
  File "C:\Users\joonl\Data\Data-Visualization-MAPS\AppProto\app_proto\app\scripts_dev\precalcs.py", line 320, in handlePreCalculate
    preCalcDataPath = _preCalcAndSave(cmdLineArgs)
  File "C:\Users\joonl\Data\Data-Visualization-MAPS\AppProto\app_proto\app\scripts_dev\precalcs.py", line 316, in _preCalcAndSave
    dataFrame = _preCalc(cmdLineArgs)
  File "C:\Users\joonl\Data\Data-Visualization-MAPS\AppProto\app_proto\app\scripts_dev\precalcs.py", line 207, in _preCalc
    gps = pd.read_excel(gpsFilePath, engine='openpyxl')
  File "C:\Users\joonl\AppData\Local\Packages\PythonSoftwareFoundation.Python.3.8_qbz5n2kfra8p0\LocalCache\local-packages\Python38\site-packages\pandas\util\_decorators.py", line 296, in wrapper
    return func(*args, **kwargs)
  File "C:\Users\joonl\AppData\Local\Packages\PythonSoftwareFoundation.Python.3.8_qbz5n2kfra8p0\LocalCache\local-packages\Python38\site-packages\pandas\io\excel\_base.py", line 304, in read_excel
    io = ExcelFile(io, engine=engine)
  File "C:\Users\joonl\AppData\Local\Packages\PythonSoftwareFoundation.Python.3.8_qbz5n2kfra8p0\LocalCache\local-packages\Python38\site-packages\pandas\io\excel\_base.py", line 867, in __init__
    self._reader = self._engines[engine](self._io)
  File "C:\Users\joonl\AppData\Local\Packages\PythonSoftwareFoundation.Python.3.8_qbz5n2kfra8p0\LocalCache\local-packages\Python38\site-packages\pandas\io\excel\_openpyxl.py", line 479, in __init__
    import_optional_dependency("openpyxl")
  File "C:\Users\joonl\AppData\Local\Packages\PythonSoftwareFoundation.Python.3.8_qbz5n2kfra8p0\LocalCache\local-packages\Python38\site-packages\pandas\compat\_optional.py", line 110, in import_optional_dependency
    raise ImportError(msg) from None
ImportError: Missing optional dependency 'openpyxl'.  Use pip or conda to install openpyxl.
